<?xml version="1.0" encoding="UTF-8"?>
<coverage generated="1537654942450" clover="3.2.0">
  <project timestamp="1537654942450" name="All files">
    <metrics statements="23" coveredstatements="23" conditionals="19" coveredconditionals="15" methods="12" coveredmethods="10" elements="54" coveredelements="48" complexity="0" loc="23" ncloc="23" packages="1" files="1" classes="1">
      <file name="fireRTC.js" path="/home/matthias/Projects/javaScript/firertc/fire-rtc/src/fireRTC.js">
        <metrics statements="23" coveredstatements="23" conditionals="19" coveredconditionals="15" methods="12" coveredmethods="10"/>
        <line num="3" count="1" type="stmt"/>
        <line num="20" count="8" type="stmt"/>
        <line num="23" count="8" type="cond" truecount="2" falsecount="0"/>
        <line num="24" count="8" type="stmt"/>
        <line num="25" count="8" type="stmt"/>
        <line num="26" count="6" type="cond" truecount="3" falsecount="1"/>
        <line num="31" count="8" type="cond" truecount="1" falsecount="1"/>
        <line num="32" count="8" type="cond" truecount="2" falsecount="0"/>
        <line num="33" count="8" type="stmt"/>
        <line num="36" count="8" type="stmt"/>
        <line num="38" count="8" type="stmt"/>
        <line num="39" count="8" type="cond" truecount="1" falsecount="1"/>
        <line num="40" count="8" type="stmt"/>
        <line num="41" count="8" type="stmt"/>
        <line num="42" count="8" type="stmt"/>
        <line num="45" count="8" type="stmt"/>
        <line num="46" count="6" type="stmt"/>
        <line num="47" count="6" type="stmt"/>
        <line num="50" count="8" type="stmt"/>
        <line num="51" count="2" type="stmt"/>
        <line num="54" count="8" type="cond" truecount="2" falsecount="0"/>
        <line num="56" count="8" type="stmt"/>
        <line num="57" count="2" type="stmt"/>
      </file>
    </metrics>
  </project>
</coverage>
