<?xml version="1.0" encoding="UTF-8"?>
<coverage generated="1537633661793" clover="3.2.0">
  <project timestamp="1537633661793" name="All files">
    <metrics statements="27" coveredstatements="26" conditionals="25" coveredconditionals="18" methods="13" coveredmethods="10" elements="65" coveredelements="54" complexity="0" loc="27" ncloc="27" packages="1" files="1" classes="1">
      <file name="fireRTC.js" path="/home/matthias/Projects/javaScript/firertc/fire-rtc/src/fireRTC.js">
        <metrics statements="27" coveredstatements="26" conditionals="25" coveredconditionals="18" methods="13" coveredmethods="10"/>
        <line num="17" count="8" type="stmt"/>
        <line num="19" count="8" type="stmt"/>
        <line num="21" count="8" type="stmt"/>
        <line num="22" count="8" type="cond" truecount="1" falsecount="1"/>
        <line num="23" count="8" type="cond" truecount="1" falsecount="1"/>
        <line num="24" count="8" type="stmt"/>
        <line num="25" count="8" type="stmt"/>
        <line num="26" count="8" type="stmt"/>
        <line num="29" count="8" type="stmt"/>
        <line num="30" count="6" type="cond" truecount="1" falsecount="1"/>
        <line num="31" count="6" type="stmt"/>
        <line num="32" count="6" type="stmt"/>
        <line num="35" count="8" type="stmt"/>
        <line num="36" count="2" type="cond" truecount="1" falsecount="1"/>
        <line num="37" count="2" type="stmt"/>
        <line num="40" count="8" type="cond" truecount="2" falsecount="0"/>
        <line num="43" count="8" type="cond" truecount="2" falsecount="0"/>
        <line num="44" count="8" type="stmt"/>
        <line num="45" count="8" type="stmt"/>
        <line num="46" count="6" type="cond" truecount="3" falsecount="1"/>
        <line num="51" count="8" type="cond" truecount="1" falsecount="1"/>
        <line num="52" count="8" type="cond" truecount="2" falsecount="0"/>
        <line num="53" count="8" type="stmt"/>
        <line num="57" count="2" type="stmt"/>
        <line num="58" count="2" type="stmt"/>
        <line num="60" count="0" type="stmt"/>
        <line num="64" count="8" type="stmt"/>
      </file>
    </metrics>
  </project>
</coverage>
