{"/home/matthias/Projects/javaScript/firertc/fire-rtc/src/fireRTC.js": {"path":"/home/matthias/Projects/javaScript/firertc/fire-rtc/src/fireRTC.js","statementMap":{"0":{"start":{"line":17,"column":12},"end":{"line":17,"column":66}},"1":{"start":{"line":19,"column":2},"end":{"line":19,"column":64}},"2":{"start":{"line":19,"column":33},"end":{"line":19,"column":60}},"3":{"start":{"line":21,"column":2},"end":{"line":27,"column":5}},"4":{"start":{"line":22,"column":4},"end":{"line":22,"column":26}},"5":{"start":{"line":22,"column":19},"end":{"line":22,"column":26}},"6":{"start":{"line":23,"column":4},"end":{"line":23,"column":43}},"7":{"start":{"line":24,"column":4},"end":{"line":24,"column":23}},"8":{"start":{"line":25,"column":4},"end":{"line":25,"column":11}},"9":{"start":{"line":26,"column":4},"end":{"line":26,"column":21}},"10":{"start":{"line":29,"column":2},"end":{"line":33,"column":5}},"11":{"start":{"line":30,"column":4},"end":{"line":30,"column":38}},"12":{"start":{"line":31,"column":4},"end":{"line":31,"column":73}},"13":{"start":{"line":32,"column":4},"end":{"line":32,"column":17}},"14":{"start":{"line":35,"column":2},"end":{"line":38,"column":5}},"15":{"start":{"line":36,"column":4},"end":{"line":36,"column":42}},"16":{"start":{"line":37,"column":4},"end":{"line":37,"column":17}},"17":{"start":{"line":40,"column":2},"end":{"line":40,"column":26}},"18":{"start":{"line":40,"column":17},"end":{"line":40,"column":26}},"19":{"start":{"line":43,"column":25},"end":{"line":43,"column":55}},"20":{"start":{"line":44,"column":19},"end":{"line":44,"column":78}},"21":{"start":{"line":45,"column":4},"end":{"line":47,"column":7}},"22":{"start":{"line":46,"column":6},"end":{"line":46,"column":75}},"23":{"start":{"line":46,"column":43},"end":{"line":46,"column":75}},"24":{"start":{"line":51,"column":4},"end":{"line":51,"column":73}},"25":{"start":{"line":51,"column":19},"end":{"line":51,"column":73}},"26":{"start":{"line":52,"column":4},"end":{"line":52,"column":27}},"27":{"start":{"line":52,"column":18},"end":{"line":52,"column":27}},"28":{"start":{"line":53,"column":4},"end":{"line":53,"column":97}},"29":{"start":{"line":57,"column":4},"end":{"line":61,"column":5}},"30":{"start":{"line":58,"column":6},"end":{"line":58,"column":19}},"31":{"start":{"line":60,"column":6},"end":{"line":60,"column":17}},"32":{"start":{"line":64,"column":2},"end":{"line":66,"column":4}}},"fnMap":{"0":{"name":"createFireRTC","decl":{"start":{"line":3,"column":24},"end":{"line":3,"column":37}},"loc":{"start":{"line":14,"column":41},"end":{"line":67,"column":1}},"line":14},"1":{"name":"(anonymous_1)","decl":{"start":{"line":10,"column":50},"end":{"line":10,"column":51}},"loc":{"start":{"line":10,"column":56},"end":{"line":10,"column":58}},"line":10},"2":{"name":"(anonymous_2)","decl":{"start":{"line":11,"column":52},"end":{"line":11,"column":53}},"loc":{"start":{"line":11,"column":58},"end":{"line":11,"column":60}},"line":11},"3":{"name":"(anonymous_3)","decl":{"start":{"line":12,"column":49},"end":{"line":12,"column":50}},"loc":{"start":{"line":12,"column":55},"end":{"line":12,"column":57}},"line":12},"4":{"name":"(anonymous_4)","decl":{"start":{"line":13,"column":51},"end":{"line":13,"column":52}},"loc":{"start":{"line":13,"column":57},"end":{"line":13,"column":59}},"line":13},"5":{"name":"(anonymous_5)","decl":{"start":{"line":19,"column":16},"end":{"line":19,"column":17}},"loc":{"start":{"line":19,"column":31},"end":{"line":19,"column":62}},"line":19},"6":{"name":"(anonymous_6)","decl":{"start":{"line":21,"column":17},"end":{"line":21,"column":18}},"loc":{"start":{"line":21,"column":35},"end":{"line":27,"column":3}},"line":21},"7":{"name":"(anonymous_7)","decl":{"start":{"line":29,"column":18},"end":{"line":29,"column":19}},"loc":{"start":{"line":29,"column":30},"end":{"line":33,"column":3}},"line":29},"8":{"name":"(anonymous_8)","decl":{"start":{"line":35,"column":15},"end":{"line":35,"column":16}},"loc":{"start":{"line":35,"column":31},"end":{"line":38,"column":3}},"line":35},"9":{"name":"listen","decl":{"start":{"line":42,"column":11},"end":{"line":42,"column":17}},"loc":{"start":{"line":42,"column":20},"end":{"line":48,"column":3}},"line":42},"10":{"name":"(anonymous_10)","decl":{"start":{"line":45,"column":23},"end":{"line":45,"column":24}},"loc":{"start":{"line":45,"column":28},"end":{"line":47,"column":5}},"line":45},"11":{"name":"join","decl":{"start":{"line":50,"column":11},"end":{"line":50,"column":15}},"loc":{"start":{"line":50,"column":18},"end":{"line":54,"column":3}},"line":50},"12":{"name":"send","decl":{"start":{"line":56,"column":11},"end":{"line":56,"column":15}},"loc":{"start":{"line":56,"column":22},"end":{"line":62,"column":3}},"line":56}},"branchMap":{"0":{"loc":{"start":{"line":7,"column":40},"end":{"line":7,"column":55}},"type":"default-arg","locations":[{"start":{"line":7,"column":53},"end":{"line":7,"column":55}}],"line":7},"1":{"loc":{"start":{"line":10,"column":40},"end":{"line":10,"column":58}},"type":"default-arg","locations":[{"start":{"line":10,"column":50},"end":{"line":10,"column":58}}],"line":10},"2":{"loc":{"start":{"line":11,"column":40},"end":{"line":11,"column":60}},"type":"default-arg","locations":[{"start":{"line":11,"column":52},"end":{"line":11,"column":60}}],"line":11},"3":{"loc":{"start":{"line":12,"column":40},"end":{"line":12,"column":57}},"type":"default-arg","locations":[{"start":{"line":12,"column":49},"end":{"line":12,"column":57}}],"line":12},"4":{"loc":{"start":{"line":13,"column":40},"end":{"line":13,"column":59}},"type":"default-arg","locations":[{"start":{"line":13,"column":51},"end":{"line":13,"column":59}}],"line":13},"5":{"loc":{"start":{"line":22,"column":4},"end":{"line":22,"column":26}},"type":"if","locations":[{"start":{"line":22,"column":4},"end":{"line":22,"column":26}},{"start":{"line":22,"column":4},"end":{"line":22,"column":26}}],"line":22},"6":{"loc":{"start":{"line":23,"column":4},"end":{"line":23,"column":42}},"type":"binary-expr","locations":[{"start":{"line":23,"column":4},"end":{"line":23,"column":9}},{"start":{"line":23,"column":13},"end":{"line":23,"column":42}}],"line":23},"7":{"loc":{"start":{"line":30,"column":4},"end":{"line":30,"column":37}},"type":"binary-expr","locations":[{"start":{"line":30,"column":4},"end":{"line":30,"column":9}},{"start":{"line":30,"column":13},"end":{"line":30,"column":37}}],"line":30},"8":{"loc":{"start":{"line":36,"column":4},"end":{"line":36,"column":41}},"type":"binary-expr","locations":[{"start":{"line":36,"column":4},"end":{"line":36,"column":9}},{"start":{"line":36,"column":13},"end":{"line":36,"column":41}}],"line":36},"9":{"loc":{"start":{"line":40,"column":2},"end":{"line":40,"column":26}},"type":"if","locations":[{"start":{"line":40,"column":2},"end":{"line":40,"column":26}},{"start":{"line":40,"column":2},"end":{"line":40,"column":26}}],"line":40},"10":{"loc":{"start":{"line":43,"column":25},"end":{"line":43,"column":55}},"type":"cond-expr","locations":[{"start":{"line":43,"column":37},"end":{"line":43,"column":45}},{"start":{"line":43,"column":48},"end":{"line":43,"column":55}}],"line":43},"11":{"loc":{"start":{"line":46,"column":6},"end":{"line":46,"column":75}},"type":"if","locations":[{"start":{"line":46,"column":6},"end":{"line":46,"column":75}},{"start":{"line":46,"column":6},"end":{"line":46,"column":75}}],"line":46},"12":{"loc":{"start":{"line":46,"column":9},"end":{"line":46,"column":41}},"type":"binary-expr","locations":[{"start":{"line":46,"column":9},"end":{"line":46,"column":16}},{"start":{"line":46,"column":20},"end":{"line":46,"column":41}}],"line":46},"13":{"loc":{"start":{"line":51,"column":4},"end":{"line":51,"column":73}},"type":"if","locations":[{"start":{"line":51,"column":4},"end":{"line":51,"column":73}},{"start":{"line":51,"column":4},"end":{"line":51,"column":73}}],"line":51},"14":{"loc":{"start":{"line":52,"column":4},"end":{"line":52,"column":27}},"type":"if","locations":[{"start":{"line":52,"column":4},"end":{"line":52,"column":27}},{"start":{"line":52,"column":4},"end":{"line":52,"column":27}}],"line":52}},"s":{"0":8,"1":8,"2":0,"3":8,"4":8,"5":0,"6":8,"7":8,"8":8,"9":8,"10":8,"11":6,"12":6,"13":6,"14":8,"15":2,"16":2,"17":8,"18":3,"19":8,"20":8,"21":8,"22":6,"23":6,"24":8,"25":0,"26":8,"27":5,"28":8,"29":2,"30":2,"31":0,"32":8},"f":{"0":8,"1":0,"2":2,"3":0,"4":1,"5":0,"6":8,"7":6,"8":2,"9":8,"10":6,"11":8,"12":2},"b":{"0":[0],"1":[8],"2":[4],"3":[6],"4":[1],"5":[0,8],"6":[8,0],"7":[6,0],"8":[2,0],"9":[3,5],"10":[5,3],"11":[6,0],"12":[6,6],"13":[0,8],"14":[5,3]},"_coverageSchema":"332fd63041d2c1bcb487cc26dd0d5f7d97098a6c","hash":"8d36f0d9d3723dcfdd761ae795afd93c0a45bbaa"}
}
