{"/home/matthias/Projects/javaScript/firertc/fire-rtc/src/fireRTC.js": {"path":"/home/matthias/Projects/javaScript/firertc/fire-rtc/src/fireRTC.js","statementMap":{"0":{"start":{"line":3,"column":16},"end":{"line":59,"column":1}},"1":{"start":{"line":20,"column":12},"end":{"line":20,"column":66}},"2":{"start":{"line":23,"column":25},"end":{"line":23,"column":55}},"3":{"start":{"line":24,"column":19},"end":{"line":24,"column":78}},"4":{"start":{"line":25,"column":4},"end":{"line":27,"column":7}},"5":{"start":{"line":26,"column":6},"end":{"line":26,"column":76}},"6":{"start":{"line":26,"column":44},"end":{"line":26,"column":76}},"7":{"start":{"line":31,"column":4},"end":{"line":31,"column":74}},"8":{"start":{"line":31,"column":20},"end":{"line":31,"column":74}},"9":{"start":{"line":32,"column":4},"end":{"line":32,"column":28}},"10":{"start":{"line":32,"column":19},"end":{"line":32,"column":28}},"11":{"start":{"line":33,"column":4},"end":{"line":33,"column":97}},"12":{"start":{"line":36,"column":2},"end":{"line":36,"column":25}},"13":{"start":{"line":38,"column":2},"end":{"line":43,"column":5}},"14":{"start":{"line":39,"column":4},"end":{"line":39,"column":26}},"15":{"start":{"line":39,"column":19},"end":{"line":39,"column":26}},"16":{"start":{"line":40,"column":4},"end":{"line":40,"column":23}},"17":{"start":{"line":41,"column":4},"end":{"line":41,"column":11}},"18":{"start":{"line":42,"column":4},"end":{"line":42,"column":21}},"19":{"start":{"line":45,"column":2},"end":{"line":48,"column":5}},"20":{"start":{"line":46,"column":4},"end":{"line":46,"column":73}},"21":{"start":{"line":47,"column":4},"end":{"line":47,"column":17}},"22":{"start":{"line":50,"column":2},"end":{"line":52,"column":5}},"23":{"start":{"line":51,"column":4},"end":{"line":51,"column":17}},"24":{"start":{"line":54,"column":2},"end":{"line":54,"column":27}},"25":{"start":{"line":54,"column":18},"end":{"line":54,"column":27}},"26":{"start":{"line":56,"column":2},"end":{"line":58,"column":4}},"27":{"start":{"line":57,"column":18},"end":{"line":57,"column":30}}},"fnMap":{"0":{"name":"createFireRTC","decl":{"start":{"line":3,"column":25},"end":{"line":3,"column":38}},"loc":{"start":{"line":17,"column":3},"end":{"line":59,"column":1}},"line":17},"1":{"name":"(anonymous_1)","decl":{"start":{"line":9,"column":14},"end":{"line":9,"column":15}},"loc":{"start":{"line":9,"column":20},"end":{"line":10,"column":3}},"line":9},"2":{"name":"(anonymous_2)","decl":{"start":{"line":11,"column":11},"end":{"line":11,"column":12}},"loc":{"start":{"line":11,"column":17},"end":{"line":12,"column":3}},"line":11},"3":{"name":"(anonymous_3)","decl":{"start":{"line":13,"column":13},"end":{"line":13,"column":14}},"loc":{"start":{"line":13,"column":19},"end":{"line":14,"column":3}},"line":13},"4":{"name":"(anonymous_4)","decl":{"start":{"line":15,"column":12},"end":{"line":15,"column":13}},"loc":{"start":{"line":15,"column":18},"end":{"line":16,"column":3}},"line":15},"5":{"name":"listen","decl":{"start":{"line":22,"column":11},"end":{"line":22,"column":17}},"loc":{"start":{"line":22,"column":20},"end":{"line":28,"column":3}},"line":22},"6":{"name":"(anonymous_6)","decl":{"start":{"line":25,"column":23},"end":{"line":25,"column":24}},"loc":{"start":{"line":25,"column":30},"end":{"line":27,"column":5}},"line":25},"7":{"name":"join","decl":{"start":{"line":30,"column":11},"end":{"line":30,"column":15}},"loc":{"start":{"line":30,"column":18},"end":{"line":34,"column":3}},"line":30},"8":{"name":"(anonymous_8)","decl":{"start":{"line":38,"column":17},"end":{"line":38,"column":18}},"loc":{"start":{"line":38,"column":29},"end":{"line":43,"column":3}},"line":38},"9":{"name":"(anonymous_9)","decl":{"start":{"line":45,"column":18},"end":{"line":45,"column":19}},"loc":{"start":{"line":45,"column":24},"end":{"line":48,"column":3}},"line":45},"10":{"name":"(anonymous_10)","decl":{"start":{"line":50,"column":15},"end":{"line":50,"column":16}},"loc":{"start":{"line":50,"column":25},"end":{"line":52,"column":3}},"line":50},"11":{"name":"(anonymous_11)","decl":{"start":{"line":57,"column":10},"end":{"line":57,"column":11}},"loc":{"start":{"line":57,"column":18},"end":{"line":57,"column":30}},"line":57}},"branchMap":{"0":{"loc":{"start":{"line":8,"column":2},"end":{"line":8,"column":17}},"type":"default-arg","locations":[{"start":{"line":8,"column":15},"end":{"line":8,"column":17}}],"line":8},"1":{"loc":{"start":{"line":9,"column":2},"end":{"line":10,"column":3}},"type":"default-arg","locations":[{"start":{"line":9,"column":14},"end":{"line":10,"column":3}}],"line":9},"2":{"loc":{"start":{"line":11,"column":2},"end":{"line":12,"column":3}},"type":"default-arg","locations":[{"start":{"line":11,"column":11},"end":{"line":12,"column":3}}],"line":11},"3":{"loc":{"start":{"line":13,"column":2},"end":{"line":14,"column":3}},"type":"default-arg","locations":[{"start":{"line":13,"column":13},"end":{"line":14,"column":3}}],"line":13},"4":{"loc":{"start":{"line":15,"column":2},"end":{"line":16,"column":3}},"type":"default-arg","locations":[{"start":{"line":15,"column":12},"end":{"line":16,"column":3}}],"line":15},"5":{"loc":{"start":{"line":23,"column":25},"end":{"line":23,"column":55}},"type":"cond-expr","locations":[{"start":{"line":23,"column":37},"end":{"line":23,"column":45}},{"start":{"line":23,"column":48},"end":{"line":23,"column":55}}],"line":23},"6":{"loc":{"start":{"line":26,"column":6},"end":{"line":26,"column":76}},"type":"if","locations":[{"start":{"line":26,"column":6},"end":{"line":26,"column":76}},{"start":{"line":26,"column":6},"end":{"line":26,"column":76}}],"line":26},"7":{"loc":{"start":{"line":26,"column":10},"end":{"line":26,"column":42}},"type":"binary-expr","locations":[{"start":{"line":26,"column":10},"end":{"line":26,"column":17}},{"start":{"line":26,"column":21},"end":{"line":26,"column":42}}],"line":26},"8":{"loc":{"start":{"line":31,"column":4},"end":{"line":31,"column":74}},"type":"if","locations":[{"start":{"line":31,"column":4},"end":{"line":31,"column":74}},{"start":{"line":31,"column":4},"end":{"line":31,"column":74}}],"line":31},"9":{"loc":{"start":{"line":32,"column":4},"end":{"line":32,"column":28}},"type":"if","locations":[{"start":{"line":32,"column":4},"end":{"line":32,"column":28}},{"start":{"line":32,"column":4},"end":{"line":32,"column":28}}],"line":32},"10":{"loc":{"start":{"line":39,"column":4},"end":{"line":39,"column":26}},"type":"if","locations":[{"start":{"line":39,"column":4},"end":{"line":39,"column":26}},{"start":{"line":39,"column":4},"end":{"line":39,"column":26}}],"line":39},"11":{"loc":{"start":{"line":54,"column":2},"end":{"line":54,"column":27}},"type":"if","locations":[{"start":{"line":54,"column":2},"end":{"line":54,"column":27}},{"start":{"line":54,"column":2},"end":{"line":54,"column":27}}],"line":54}},"s":{"0":1,"1":8,"2":8,"3":8,"4":8,"5":6,"6":6,"7":8,"8":0,"9":8,"10":5,"11":8,"12":8,"13":8,"14":8,"15":0,"16":8,"17":8,"18":8,"19":8,"20":6,"21":6,"22":8,"23":2,"24":8,"25":3,"26":8,"27":2},"f":{"0":8,"1":2,"2":0,"3":1,"4":0,"5":8,"6":6,"7":8,"8":8,"9":6,"10":2,"11":2},"b":{"0":[0],"1":[4],"2":[6],"3":[1],"4":[8],"5":[5,3],"6":[6,0],"7":[6,6],"8":[0,8],"9":[5,3],"10":[0,8],"11":[3,5]},"_coverageSchema":"332fd63041d2c1bcb487cc26dd0d5f7d97098a6c","hash":"9a51075e0c6a9ceaf9d6dcce7167e1f4926797e8"}
}
