TN:
SF:/home/matthias/Projects/javaScript/firertc/fire-rtc/src/fireRTC.js
FN:3,createFireRTC
FN:10,(anonymous_1)
FN:11,(anonymous_2)
FN:12,(anonymous_3)
FN:13,(anonymous_4)
FN:19,(anonymous_5)
FN:21,(anonymous_6)
FN:29,(anonymous_7)
FN:35,(anonymous_8)
FN:42,listen
FN:45,(anonymous_10)
FN:50,join
FN:56,send
FNF:13
FNH:10
FNDA:8,createFireRTC
FNDA:0,(anonymous_1)
FNDA:2,(anonymous_2)
FNDA:0,(anonymous_3)
FNDA:1,(anonymous_4)
FNDA:0,(anonymous_5)
FNDA:8,(anonymous_6)
FNDA:6,(anonymous_7)
FNDA:2,(anonymous_8)
FNDA:8,listen
FNDA:6,(anonymous_10)
FNDA:8,join
FNDA:2,send
DA:17,8
DA:19,8
DA:21,8
DA:22,8
DA:23,8
DA:24,8
DA:25,8
DA:26,8
DA:29,8
DA:30,6
DA:31,6
DA:32,6
DA:35,8
DA:36,2
DA:37,2
DA:40,8
DA:43,8
DA:44,8
DA:45,8
DA:46,6
DA:51,8
DA:52,8
DA:53,8
DA:57,2
DA:58,2
DA:60,0
DA:64,8
LF:27
LH:26
BRDA:7,0,0,0
BRDA:10,1,0,8
BRDA:11,2,0,4
BRDA:12,3,0,6
BRDA:13,4,0,1
BRDA:22,5,0,0
BRDA:22,5,1,8
BRDA:23,6,0,8
BRDA:23,6,1,0
BRDA:30,7,0,6
BRDA:30,7,1,0
BRDA:36,8,0,2
BRDA:36,8,1,0
BRDA:40,9,0,3
BRDA:40,9,1,5
BRDA:43,10,0,5
BRDA:43,10,1,3
BRDA:46,11,0,6
BRDA:46,11,1,0
BRDA:46,12,0,6
BRDA:46,12,1,6
BRDA:51,13,0,0
BRDA:51,13,1,8
BRDA:52,14,0,5
BRDA:52,14,1,3
BRF:25
BRH:18
end_of_record
