TN:
SF:/home/matthias/Projects/javaScript/firertc/fire-rtc/src/fireRTC.js
FN:3,createFireRTC
FN:9,(anonymous_1)
FN:11,(anonymous_2)
FN:13,(anonymous_3)
FN:15,(anonymous_4)
FN:22,listen
FN:25,(anonymous_6)
FN:30,join
FN:38,(anonymous_8)
FN:45,(anonymous_9)
FN:50,(anonymous_10)
FN:57,(anonymous_11)
FNF:12
FNH:10
FNDA:8,createFireRTC
FNDA:2,(anonymous_1)
FNDA:0,(anonymous_2)
FNDA:1,(anonymous_3)
FNDA:0,(anonymous_4)
FNDA:8,listen
FNDA:6,(anonymous_6)
FNDA:8,join
FNDA:8,(anonymous_8)
FNDA:6,(anonymous_9)
FNDA:2,(anonymous_10)
FNDA:2,(anonymous_11)
DA:3,1
DA:20,8
DA:23,8
DA:24,8
DA:25,8
DA:26,6
DA:31,8
DA:32,8
DA:33,8
DA:36,8
DA:38,8
DA:39,8
DA:40,8
DA:41,8
DA:42,8
DA:45,8
DA:46,6
DA:47,6
DA:50,8
DA:51,2
DA:54,8
DA:56,8
DA:57,2
LF:23
LH:23
BRDA:8,0,0,0
BRDA:9,1,0,4
BRDA:11,2,0,6
BRDA:13,3,0,1
BRDA:15,4,0,8
BRDA:23,5,0,5
BRDA:23,5,1,3
BRDA:26,6,0,6
BRDA:26,6,1,0
BRDA:26,7,0,6
BRDA:26,7,1,6
BRDA:31,8,0,0
BRDA:31,8,1,8
BRDA:32,9,0,5
BRDA:32,9,1,3
BRDA:39,10,0,0
BRDA:39,10,1,8
BRDA:54,11,0,3
BRDA:54,11,1,5
BRF:19
BRH:15
end_of_record
